#
# There is insufficient memory for the Java Runtime Environment to continue.
# Native memory allocation (malloc) failed to allocate 128848 bytes. Error detail: Chunk::new
# Possible reasons:
#   The system is out of physical RAM or swap space
#   This process is running with CompressedOops enabled, and the Java Heap may be blocking the growth of the native heap
# Possible solutions:
#   Reduce memory load on the system
#   Increase physical memory or swap space
#   Check if swap backing store is full
#   Decrease Java heap size (-Xmx/-Xms)
#   Decrease number of Java threads
#   Decrease Java thread stack sizes (-Xss)
#   Set larger code cache with -XX:ReservedCodeCacheSize=
#   JVM is running with Unscaled Compressed Oops mode in which the Java heap is
#     placed in the first 4GB address space. The Java Heap base address is the
#     maximum limit for the native heap growth. Please use -XX:HeapBaseMinAddress
#     to set the Java Heap base and to place the Java Heap above 4GB virtual address.
# This output file may be truncated or incomplete.
#
#  Out of Memory Error (arena.cpp:168), pid=23612, tid=4228
#
# JRE version: OpenJDK Runtime Environment Temurin-21.0.8+9 (21.0.8+9) (build 21.0.8+9-LTS)
# Java VM: OpenJDK 64-Bit Server VM Temurin-21.0.8+9 (21.0.8+9-LTS, mixed mode, sharing, tiered, compressed oops, compressed class ptrs, parallel gc, windows-amd64)
# No core dump will be written. Minidumps are not enabled by default on client versions of Windows
#

---------------  S U M M A R Y ------------

Command Line: --add-modules=ALL-SYSTEM --add-opens=java.base/java.util=ALL-UNNAMED --add-opens=java.base/java.lang=ALL-UNNAMED --add-opens=java.base/sun.nio.fs=ALL-UNNAMED -Declipse.application=org.eclipse.jdt.ls.core.id1 -Dosgi.bundles.defaultStartLevel=4 -Declipse.product=org.eclipse.jdt.ls.core.product -Djava.import.generatesMetadataFilesAtProjectRoot=false -DDetectVMInstallationsJob.disabled=true -Dfile.encoding=utf8 -XX:+UseParallelGC -XX:GCTimeRatio=4 -XX:AdaptiveSizePolicyWeight=90 -Dsun.zip.disableMemoryMapping=true -Xmx2G -Xms100m -Xlog:disable -javaagent:c:\Users\ADMIN\.vscode\extensions\redhat.java-1.45.0-win32-x64\lombok\lombok-1.18.39-4050.jar -XX:+HeapDumpOnOutOfMemoryError -XX:HeapDumpPath=c:\Users\ADMIN\AppData\Roaming\Code\User\workspaceStorage\ce6208843d6f8827e5948435d2aa90a0\redhat.java -Daether.dependencyCollector.impl=bf c:\Users\ADMIN\.vscode\extensions\redhat.java-1.45.0-win32-x64\server\plugins\org.eclipse.equinox.launcher_1.7.0.v20250519-0528.jar -configuration c:\Users\ADMIN\AppData\Roaming\Code\User\globalStorage\redhat.java\1.45.0\config_win -data c:\Users\ADMIN\AppData\Roaming\Code\User\workspaceStorage\ce6208843d6f8827e5948435d2aa90a0\redhat.java\jdt_ws --pipe=\\.\pipe\lsp-0b9a0efa2fc4f2c3f14893456f57d814-sock

Host: 12th Gen Intel(R) Core(TM) i5-12500H, 16 cores, 15G,  Windows 11 , 64 bit Build 26100 (10.0.26100.7019)
Time: Wed Nov 19 15:13:35 2025 SE Asia Standard Time elapsed time: 1.406061 seconds (0d 0h 0m 1s)

---------------  T H R E A D  ---------------

Current thread (0x000002945e707bc0):  JavaThread "C2 CompilerThread1" daemon [_thread_in_native, id=4228, stack(0x000000bb2c800000,0x000000bb2c900000) (1024K)]


Current CompileTask:
C2:1406 2067       4       java.io.DataInputStream::readUnsignedByte (22 bytes)

Stack: [0x000000bb2c800000,0x000000bb2c900000]
Native frames: (J=compiled Java code, j=interpreted, Vv=VM code, C=native code)
V  [jvm.dll+0x6d2449]
V  [jvm.dll+0x8ae341]
V  [jvm.dll+0x8b08be]
V  [jvm.dll+0x8b0fa3]
V  [jvm.dll+0x280c96]
V  [jvm.dll+0xc581d]
V  [jvm.dll+0xc5d53]
V  [jvm.dll+0x3b919c]
V  [jvm.dll+0x385315]
V  [jvm.dll+0x38477a]
V  [jvm.dll+0x248ed0]
V  [jvm.dll+0x2484af]
V  [jvm.dll+0x1c89ee]
V  [jvm.dll+0x257d4d]
V  [jvm.dll+0x2562ea]
V  [jvm.dll+0x3f2d16]
V  [jvm.dll+0x857e6b]
V  [jvm.dll+0x6d0b0d]
C  [ucrtbase.dll+0x37b0]
C  [KERNEL32.DLL+0x2e8d7]
C  [ntdll.dll+0x8c53c]


---------------  P R O C E S S  ---------------

Threads class SMR info:
_java_thread_list=0x0000029464d454c0, length=21, elements={
0x00000294055edc80, 0x000002945e5b3f80, 0x000002945e5b6bc0, 0x000002945e5bbee0,
0x000002945e5bd920, 0x000002945e5bcc00, 0x000002945e5bc570, 0x000002945e5d89e0,
0x000002945e5da8a0, 0x000002945e5bd290, 0x000002945e6d9db0, 0x000002945e6dce40,
0x000002945e707bc0, 0x000002945e8a42e0, 0x000002945e5bdfb0, 0x000002946416ca70,
0x0000029464314310, 0x000002945e5bab30, 0x000002945e5bb1c0, 0x00000294647d1f80,
0x00000294647d18f0
}

Java Threads: ( => current thread )
  0x00000294055edc80 JavaThread "main"                              [_thread_blocked, id=26240, stack(0x000000bb2b900000,0x000000bb2ba00000) (1024K)]
  0x000002945e5b3f80 JavaThread "Reference Handler"          daemon [_thread_blocked, id=25556, stack(0x000000bb2bd00000,0x000000bb2be00000) (1024K)]
  0x000002945e5b6bc0 JavaThread "Finalizer"                  daemon [_thread_blocked, id=24692, stack(0x000000bb2be00000,0x000000bb2bf00000) (1024K)]
  0x000002945e5bbee0 JavaThread "Signal Dispatcher"          daemon [_thread_blocked, id=21864, stack(0x000000bb2bf00000,0x000000bb2c000000) (1024K)]
  0x000002945e5bd920 JavaThread "Attach Listener"            daemon [_thread_blocked, id=10404, stack(0x000000bb2c000000,0x000000bb2c100000) (1024K)]
  0x000002945e5bcc00 JavaThread "Service Thread"             daemon [_thread_blocked, id=13900, stack(0x000000bb2c100000,0x000000bb2c200000) (1024K)]
  0x000002945e5bc570 JavaThread "Monitor Deflation Thread"   daemon [_thread_blocked, id=24820, stack(0x000000bb2c200000,0x000000bb2c300000) (1024K)]
  0x000002945e5d89e0 JavaThread "C2 CompilerThread0"         daemon [_thread_blocked, id=26056, stack(0x000000bb2c300000,0x000000bb2c400000) (1024K)]
  0x000002945e5da8a0 JavaThread "C1 CompilerThread0"         daemon [_thread_in_vm, id=23488, stack(0x000000bb2c400000,0x000000bb2c500000) (1024K)]
  0x000002945e5bd290 JavaThread "Common-Cleaner"             daemon [_thread_blocked, id=25132, stack(0x000000bb2c500000,0x000000bb2c600000) (1024K)]
  0x000002945e6d9db0 JavaThread "C1 CompilerThread1"         daemon [_thread_blocked, id=22756, stack(0x000000bb2c600000,0x000000bb2c700000) (1024K)]
  0x000002945e6dce40 JavaThread "C1 CompilerThread2"         daemon [_thread_in_native, id=25692, stack(0x000000bb2c700000,0x000000bb2c800000) (1024K)]
=>0x000002945e707bc0 JavaThread "C2 CompilerThread1"         daemon [_thread_in_native, id=4228, stack(0x000000bb2c800000,0x000000bb2c900000) (1024K)]
  0x000002945e8a42e0 JavaThread "C1 CompilerThread3"         daemon [_thread_in_native, id=20752, stack(0x000000bb2c900000,0x000000bb2ca00000) (1024K)]
  0x000002945e5bdfb0 JavaThread "Notification Thread"        daemon [_thread_blocked, id=24444, stack(0x000000bb2ca00000,0x000000bb2cb00000) (1024K)]
  0x000002946416ca70 JavaThread "C2 CompilerThread2"         daemon [_thread_blocked, id=3136, stack(0x000000bb2cb00000,0x000000bb2cc00000) (1024K)]
  0x0000029464314310 JavaThread "C2 CompilerThread3"         daemon [_thread_blocked, id=26424, stack(0x000000bb2cc00000,0x000000bb2cd00000) (1024K)]
  0x000002945e5bab30 JavaThread "Active Thread: Equinox Container: 14f5fc1d-1948-4afe-9850-15e57abc704a"        [_thread_blocked, id=5296, stack(0x000000bb2d300000,0x000000bb2d400000) (1024K)]
  0x000002945e5bb1c0 JavaThread "Refresh Thread: Equinox Container: 14f5fc1d-1948-4afe-9850-15e57abc704a" daemon [_thread_blocked, id=5348, stack(0x000000bb2d500000,0x000000bb2d600000) (1024K)]
  0x00000294647d1f80 JavaThread "Framework Event Dispatcher: Equinox Container: 14f5fc1d-1948-4afe-9850-15e57abc704a" daemon [_thread_blocked, id=14792, stack(0x000000bb2d600000,0x000000bb2d700000) (1024K)]
  0x00000294647d18f0 JavaThread "Start Level: Equinox Container: 14f5fc1d-1948-4afe-9850-15e57abc704a" daemon [_thread_in_vm, id=25732, stack(0x000000bb2d700000,0x000000bb2d800000) (1024K)]
Total: 21

Other Threads:
  0x000002945e5b3ae0 VMThread "VM Thread"                           [id=21752, stack(0x000000bb2bc00000,0x000000bb2bd00000) (1024K)]
  0x000002940547ca10 WatcherThread "VM Periodic Task Thread"        [id=492, stack(0x000000bb2bb00000,0x000000bb2bc00000) (1024K)]
  0x000002940560c700 WorkerThread "GC Thread#0"                     [id=24088, stack(0x000000bb2ba00000,0x000000bb2bb00000) (1024K)]
  0x00000294645a06d0 WorkerThread "GC Thread#1"                     [id=22656, stack(0x000000bb2cd00000,0x000000bb2ce00000) (1024K)]
  0x00000294649b04c0 WorkerThread "GC Thread#2"                     [id=24556, stack(0x000000bb2ce00000,0x000000bb2cf00000) (1024K)]
  0x00000294649b0860 WorkerThread "GC Thread#3"                     [id=26204, stack(0x000000bb2cf00000,0x000000bb2d000000) (1024K)]
  0x00000294649eda80 WorkerThread "GC Thread#4"                     [id=22928, stack(0x000000bb2d000000,0x000000bb2d100000) (1024K)]
  0x00000294649ede20 WorkerThread "GC Thread#5"                     [id=3256, stack(0x000000bb2d100000,0x000000bb2d200000) (1024K)]
  0x00000294649ee1c0 WorkerThread "GC Thread#6"                     [id=16228, stack(0x000000bb2d200000,0x000000bb2d300000) (1024K)]
  0x00000294646c6930 WorkerThread "GC Thread#7"                     [id=14644, stack(0x000000bb2d400000,0x000000bb2d500000) (1024K)]
Total: 10

Threads with active compile tasks:
C1 CompilerThread1  1435 2128       3       aQute.libg.qtokens.QuotedTokenizer::nextToken (298 bytes)
C1 CompilerThread2  1435 2119       3       jdk.internal.org.objectweb.asm.ClassWriter::toByteArray (1517 bytes)
C2 CompilerThread1  1435 2067       4       java.io.DataInputStream::readUnsignedByte (22 bytes)
C1 CompilerThread3  1435 2132   !   3       org.eclipse.osgi.internal.loader.BundleLoader::getModuleClassLoader (203 bytes)
Total: 4

VM state: not at safepoint (normal execution)

VM Mutex/Monitor currently owned by a thread: None

Heap address: 0x0000000080000000, size: 2048 MB, Compressed Oops mode: 32-bit

CDS archive(s) mapped at: [0x000002941c000000-0x000002941cba0000-0x000002941cba0000), size 12189696, SharedBaseAddress: 0x000002941c000000, ArchiveRelocationMode: 1.
Compressed class space mapped at: 0x000002941d000000-0x000002945d000000, reserved size: 1073741824
Narrow klass base: 0x000002941c000000, Narrow klass shift: 0, Narrow klass range: 0x100000000

GC Precious Log:
 CardTable entry size: 512
 CPUs: 16 total, 16 available
 Memory: 16077M
 Large Page Support: Disabled
 NUMA Support: Disabled
 Compressed Oops: Enabled (32-bit)
 Alignments: Space 512K, Generation 512K, Heap 2M
 Heap Min Capacity: 100M
 Heap Initial Capacity: 100M
 Heap Max Capacity: 2G
 Pre-touch: Disabled
 Parallel Workers: 13

Heap:
 PSYoungGen      total 29696K, used 17867K [0x00000000d5580000, 0x00000000d7680000, 0x0000000100000000)
  eden space 25600K, 53% used [0x00000000d5580000,0x00000000d62f9858,0x00000000d6e80000)
  from space 4096K, 99% used [0x00000000d7280000,0x00000000d7679780,0x00000000d7680000)
  to   space 4096K, 0% used [0x00000000d6e80000,0x00000000d6e80000,0x00000000d7280000)
 ParOldGen       total 68608K, used 1633K [0x0000000080000000, 0x0000000084300000, 0x00000000d5580000)
  object space 68608K, 2% used [0x0000000080000000,0x00000000801986a8,0x0000000084300000)
 Metaspace       used 9331K, committed 9664K, reserved 1114112K
  class space    used 1000K, committed 1152K, reserved 1048576K

Card table byte_map: [0x0000029404f90000,0x00000294053a0000] _byte_map_base: 0x0000029404b90000

Marking Bits: (ParMarkBitMap*) 0x00007ffcb71fa340
 Begin Bits: [0x0000029417a90000, 0x0000029419a90000)
 End Bits:   [0x0000029419a90000, 0x000002941ba90000)

Polling page: 0x00000294031a0000

Metaspace:

Usage:
  Non-class:      8.14 MB used.
      Class:   1000.67 KB used.
       Both:      9.11 MB used.

Virtual space:
  Non-class space:       64.00 MB reserved,       8.31 MB ( 13%) committed,  1 nodes.
      Class space:        1.00 GB reserved,       1.12 MB ( <1%) committed,  1 nodes.
             Both:        1.06 GB reserved,       9.44 MB ( <1%) committed. 

Chunk freelists:
   Non-Class:  6.79 MB
       Class:  14.79 MB
        Both:  21.58 MB

MaxMetaspaceSize: unlimited
CompressedClassSpaceSize: 1.00 GB
Initial GC threshold: 21.00 MB
Current GC threshold: 21.00 MB
CDS: on
 - commit_granule_bytes: 65536.
 - commit_granule_words: 8192.
 - virtual_space_node_default_size: 8388608.
 - enlarge_chunks_in_place: 1.
 - use_allocation_guard: 0.


Internal statistics:

num_allocs_failed_limit: 0.
num_arena_births: 256.
num_arena_deaths: 0.
num_vsnodes_births: 2.
num_vsnodes_deaths: 0.
num_space_committed: 151.
num_space_uncommitted: 0.
num_chunks_returned_to_freelist: 0.
num_chunks_taken_from_freelist: 500.
num_chunk_merges: 0.
num_chunk_splits: 314.
num_chunks_enlarged: 209.
num_inconsistent_stats: 0.

CodeHeap 'non-profiled nmethods': size=119168Kb used=878Kb max_used=878Kb free=118289Kb
 bounds [0x0000029410380000, 0x00000294105f0000, 0x00000294177e0000]
CodeHeap 'profiled nmethods': size=119104Kb used=3984Kb max_used=3984Kb free=115119Kb
 bounds [0x00000294087e0000, 0x0000029408bd0000, 0x000002940fc30000]
CodeHeap 'non-nmethods': size=7488Kb used=2922Kb max_used=2947Kb free=4565Kb
 bounds [0x000002940fc30000, 0x000002940ff20000, 0x0000029410380000]
CodeCache: size=245760Kb, used=7784Kb, max_used=7809Kb, free=237973Kb
 total_blobs=2625, nmethods=2128, adapters=400, full_count=0
Compilation: enabled, stopped_count=0, restarted_count=0

Compilation events (20 events):
Event: 1.398 Thread 0x000002945e6dce40 2072       3       java.util.Arrays$ArrayItr::next (36 bytes)
Event: 1.398 Thread 0x000002945e6d9db0 nmethod 2071 0x0000029408ba5190 code [0x0000029408ba5340, 0x0000029408ba54b0]
Event: 1.398 Thread 0x000002945e6dce40 nmethod 2072 0x0000029408ba5590 code [0x0000029408ba5740, 0x0000029408ba5990]
Event: 1.398 Thread 0x000002946416ca70 2073       4       java.util.Objects::requireNonNull (15 bytes)
Event: 1.399 Thread 0x0000029464314310 2075       4       java.util.concurrent.ConcurrentHashMap$BaseIterator::hasNext (13 bytes)
Event: 1.399 Thread 0x000002945e5da8a0 2074       3       java.util.concurrent.ConcurrentHashMap$KeyIterator::next (34 bytes)
Event: 1.399 Thread 0x000002945e6d9db0 2076       3       java.util.stream.StreamOpFlag::fromCharacteristics (37 bytes)
Event: 1.399 Thread 0x000002945e8a42e0 2077       3       java.util.stream.AbstractPipeline::<init> (55 bytes)
Event: 1.399 Thread 0x000002945e5da8a0 nmethod 2074 0x0000029408ba5a90 code [0x0000029408ba5c60, 0x0000029408ba5ee0]
Event: 1.399 Thread 0x000002945e6d9db0 nmethod 2076 0x0000029408ba6010 code [0x0000029408ba61e0, 0x0000029408ba6500]
Event: 1.399 Thread 0x000002945e8a42e0 nmethod 2077 0x0000029408ba6610 code [0x0000029408ba67c0, 0x0000029408ba69f0]
Event: 1.401 Thread 0x0000029464314310 nmethod 2075 0x0000029410457090 code [0x0000029410457220, 0x00000294104572b0]
Event: 1.401 Thread 0x000002946416ca70 nmethod 2073 0x0000029410457390 code [0x0000029410457520, 0x00000294104575a8]
Event: 1.401 Thread 0x000002945e6dce40 2078       3       java.util.Arrays::hashCode (56 bytes)
Event: 1.402 Thread 0x000002945e6dce40 nmethod 2078 0x0000029408ba6b10 code [0x0000029408ba6ce0, 0x0000029408ba7020]
Event: 1.404 Thread 0x000002945e6dce40 2080       3       java.util.stream.ReferencePipeline$Head::<init> (8 bytes)
Event: 1.404 Thread 0x000002945e5da8a0 2079       3       java.util.stream.StreamSupport::stream (19 bytes)
Event: 1.404 Thread 0x000002945e6d9db0 2081       3       java.util.stream.ReferencePipeline::<init> (8 bytes)
Event: 1.404 Thread 0x000002945e6d9db0 nmethod 2081 0x0000029408ba7190 code [0x0000029408ba7340, 0x0000029408ba7478]
Event: 1.404 Thread 0x000002945e6dce40 nmethod 2080 0x0000029408ba7510 code [0x0000029408ba76c0, 0x0000029408ba7858]

GC Heap History (4 events):
Event: 0.653 GC heap before
{Heap before GC invocations=1 (full 0):
 PSYoungGen      total 29696K, used 25600K [0x00000000d5580000, 0x00000000d7680000, 0x0000000100000000)
  eden space 25600K, 100% used [0x00000000d5580000,0x00000000d6e80000,0x00000000d6e80000)
  from space 4096K, 0% used [0x00000000d7280000,0x00000000d7280000,0x00000000d7680000)
  to   space 4096K, 0% used [0x00000000d6e80000,0x00000000d6e80000,0x00000000d7280000)
 ParOldGen       total 68608K, used 0K [0x0000000080000000, 0x0000000084300000, 0x00000000d5580000)
  object space 68608K, 0% used [0x0000000080000000,0x0000000080000000,0x0000000084300000)
 Metaspace       used 4134K, committed 4416K, reserved 1114112K
  class space    used 451K, committed 576K, reserved 1048576K
}
Event: 0.658 GC heap after
{Heap after GC invocations=1 (full 0):
 PSYoungGen      total 29696K, used 3675K [0x00000000d5580000, 0x00000000d7680000, 0x0000000100000000)
  eden space 25600K, 0% used [0x00000000d5580000,0x00000000d5580000,0x00000000d6e80000)
  from space 4096K, 89% used [0x00000000d6e80000,0x00000000d7216d80,0x00000000d7280000)
  to   space 4096K, 0% used [0x00000000d7280000,0x00000000d7280000,0x00000000d7680000)
 ParOldGen       total 68608K, used 16K [0x0000000080000000, 0x0000000084300000, 0x00000000d5580000)
  object space 68608K, 0% used [0x0000000080000000,0x0000000080004000,0x0000000084300000)
 Metaspace       used 4134K, committed 4416K, reserved 1114112K
  class space    used 451K, committed 576K, reserved 1048576K
}
Event: 1.171 GC heap before
{Heap before GC invocations=2 (full 0):
 PSYoungGen      total 29696K, used 29275K [0x00000000d5580000, 0x00000000d7680000, 0x0000000100000000)
  eden space 25600K, 100% used [0x00000000d5580000,0x00000000d6e80000,0x00000000d6e80000)
  from space 4096K, 89% used [0x00000000d6e80000,0x00000000d7216d80,0x00000000d7280000)
  to   space 4096K, 0% used [0x00000000d7280000,0x00000000d7280000,0x00000000d7680000)
 ParOldGen       total 68608K, used 16K [0x0000000080000000, 0x0000000084300000, 0x00000000d5580000)
  object space 68608K, 0% used [0x0000000080000000,0x0000000080004000,0x0000000084300000)
 Metaspace       used 7778K, committed 8064K, reserved 1114112K
  class space    used 807K, committed 960K, reserved 1048576K
}
Event: 1.178 GC heap after
{Heap after GC invocations=2 (full 0):
 PSYoungGen      total 29696K, used 4069K [0x00000000d5580000, 0x00000000d7680000, 0x0000000100000000)
  eden space 25600K, 0% used [0x00000000d5580000,0x00000000d5580000,0x00000000d6e80000)
  from space 4096K, 99% used [0x00000000d7280000,0x00000000d7679780,0x00000000d7680000)
  to   space 4096K, 0% used [0x00000000d6e80000,0x00000000d6e80000,0x00000000d7280000)
 ParOldGen       total 68608K, used 1633K [0x0000000080000000, 0x0000000084300000, 0x00000000d5580000)
  object space 68608K, 2% used [0x0000000080000000,0x00000000801986a8,0x0000000084300000)
 Metaspace       used 7778K, committed 8064K, reserved 1114112K
  class space    used 807K, committed 960K, reserved 1048576K
}

Dll operation events (9 events):
Event: 0.013 Loaded shared library c:\Users\ADMIN\.vscode\extensions\redhat.java-1.45.0-win32-x64\jre\21.0.8-win32-x86_64\bin\java.dll
Event: 0.079 Loaded shared library c:\Users\ADMIN\.vscode\extensions\redhat.java-1.45.0-win32-x64\jre\21.0.8-win32-x86_64\bin\zip.dll
Event: 0.100 Loaded shared library C:\Users\ADMIN\.vscode\extensions\redhat.java-1.45.0-win32-x64\jre\21.0.8-win32-x86_64\bin\instrument.dll
Event: 0.105 Loaded shared library C:\Users\ADMIN\.vscode\extensions\redhat.java-1.45.0-win32-x64\jre\21.0.8-win32-x86_64\bin\net.dll
Event: 0.110 Loaded shared library C:\Users\ADMIN\.vscode\extensions\redhat.java-1.45.0-win32-x64\jre\21.0.8-win32-x86_64\bin\nio.dll
Event: 0.113 Loaded shared library C:\Users\ADMIN\.vscode\extensions\redhat.java-1.45.0-win32-x64\jre\21.0.8-win32-x86_64\bin\zip.dll
Event: 0.131 Loaded shared library C:\Users\ADMIN\.vscode\extensions\redhat.java-1.45.0-win32-x64\jre\21.0.8-win32-x86_64\bin\jimage.dll
Event: 0.208 Loaded shared library c:\Users\ADMIN\.vscode\extensions\redhat.java-1.45.0-win32-x64\jre\21.0.8-win32-x86_64\bin\verify.dll
Event: 1.279 Loaded shared library C:\Users\ADMIN\AppData\Roaming\Code\User\globalStorage\redhat.java\1.45.0\config_win\org.eclipse.equinox.launcher\org.eclipse.equinox.launcher.win32.win32.x86_64_1.2.1400.v20250801-0854\eclipse_11916.dll

Deoptimization events (20 events):
Event: 1.375 Thread 0x00000294647d18f0 Uncommon trap: trap_request=0xffffffde fr.pc=0x000002941043cf14 relative=0x0000000000000b34
Event: 1.375 Thread 0x00000294647d18f0 Uncommon trap: reason=class_check action=maybe_recompile pc=0x000002941043cf14 method=java.util.HashMap.putVal(ILjava/lang/Object;Ljava/lang/Object;ZZ)Ljava/lang/Object; @ 91 c2
Event: 1.376 Thread 0x00000294647d18f0 DEOPT PACKING pc=0x000002941043cf14 sp=0x000000bb2d7fe390
Event: 1.376 Thread 0x00000294647d18f0 DEOPT UNPACKING pc=0x000002940fc83aa2 sp=0x000000bb2d7fe2b8 mode 2
Event: 1.394 Thread 0x00000294647d18f0 Uncommon trap: trap_request=0xffffffde fr.pc=0x00000294104017e8 relative=0x0000000000000248
Event: 1.394 Thread 0x00000294647d18f0 Uncommon trap: reason=class_check action=maybe_recompile pc=0x00000294104017e8 method=java.io.DataInputStream.readUnsignedByte()I @ 4 c2
Event: 1.394 Thread 0x00000294647d18f0 DEOPT PACKING pc=0x00000294104017e8 sp=0x000000bb2d7fdba0
Event: 1.394 Thread 0x00000294647d18f0 DEOPT UNPACKING pc=0x000002940fc83aa2 sp=0x000000bb2d7fdae8 mode 2
Event: 1.394 Thread 0x00000294647d18f0 Uncommon trap: trap_request=0xffffffde fr.pc=0x00000294104017e8 relative=0x0000000000000248
Event: 1.394 Thread 0x00000294647d18f0 Uncommon trap: reason=class_check action=maybe_recompile pc=0x00000294104017e8 method=java.io.DataInputStream.readUnsignedByte()I @ 4 c2
Event: 1.394 Thread 0x00000294647d18f0 DEOPT PACKING pc=0x00000294104017e8 sp=0x000000bb2d7fdb00
Event: 1.394 Thread 0x00000294647d18f0 DEOPT UNPACKING pc=0x000002940fc83aa2 sp=0x000000bb2d7fda48 mode 2
Event: 1.394 Thread 0x00000294647d18f0 Uncommon trap: trap_request=0xffffffde fr.pc=0x00000294104017e8 relative=0x0000000000000248
Event: 1.394 Thread 0x00000294647d18f0 Uncommon trap: reason=class_check action=maybe_recompile pc=0x00000294104017e8 method=java.io.DataInputStream.readUnsignedByte()I @ 4 c2
Event: 1.394 Thread 0x00000294647d18f0 DEOPT PACKING pc=0x00000294104017e8 sp=0x000000bb2d7fdb00
Event: 1.394 Thread 0x00000294647d18f0 DEOPT UNPACKING pc=0x000002940fc83aa2 sp=0x000000bb2d7fda48 mode 2
Event: 1.394 Thread 0x00000294647d18f0 Uncommon trap: trap_request=0xffffffde fr.pc=0x00000294104017e8 relative=0x0000000000000248
Event: 1.394 Thread 0x00000294647d18f0 Uncommon trap: reason=class_check action=maybe_recompile pc=0x00000294104017e8 method=java.io.DataInputStream.readUnsignedByte()I @ 4 c2
Event: 1.395 Thread 0x00000294647d18f0 DEOPT PACKING pc=0x00000294104017e8 sp=0x000000bb2d7fdb00
Event: 1.395 Thread 0x00000294647d18f0 DEOPT UNPACKING pc=0x000002940fc83aa2 sp=0x000000bb2d7fda48 mode 2

Classes loaded (20 events):
Event: 1.397 Loading class java/time/zone/TzdbZoneRulesProvider
Event: 1.397 Loading class java/time/zone/TzdbZoneRulesProvider done
Event: 1.399 Loading class java/time/zone/Ser
Event: 1.399 Loading class java/io/Externalizable
Event: 1.399 Loading class java/io/Externalizable done
Event: 1.399 Loading class java/time/zone/Ser done
Event: 1.401 Loading class java/util/logging/LogRecord$CallerFinder
Event: 1.401 Loading class java/util/logging/LogRecord$CallerFinder done
Event: 1.402 Loading class java/lang/StackStreamFactory
Event: 1.402 Loading class java/lang/StackStreamFactory done
Event: 1.402 Loading class java/lang/StackWalker$ExtendedOption
Event: 1.403 Loading class java/lang/StackWalker$ExtendedOption done
Event: 1.403 Loading class java/lang/StackStreamFactory$StackFrameTraverser
Event: 1.403 Loading class java/lang/StackStreamFactory$StackFrameTraverser done
Event: 1.403 Loading class java/lang/StackStreamFactory$WalkerState
Event: 1.403 Loading class java/lang/StackStreamFactory$WalkerState done
Event: 1.403 Loading class java/lang/StackStreamFactory$StackFrameTraverser$StackFrameBuffer
Event: 1.403 Loading class java/lang/StackStreamFactory$FrameBuffer
Event: 1.403 Loading class java/lang/StackStreamFactory$FrameBuffer done
Event: 1.403 Loading class java/lang/StackStreamFactory$StackFrameTraverser$StackFrameBuffer done

Classes unloaded (0 events):
No events

Classes redefined (0 events):
No events

Internal exceptions (20 events):
Event: 0.685 Thread 0x00000294055edc80 Exception <a 'java/lang/ClassNotFoundException'{0x00000000d5822860}: sun/net/www/protocol/c/Handler> (0x00000000d5822860) 
thrown [s\src\hotspot\share\classfile\systemDictionary.cpp, line 312]
Event: 0.690 Thread 0x00000294055edc80 Exception <a 'java/io/FileNotFoundException'{0x00000000d584af78}> (0x00000000d584af78) 
thrown [s\src\hotspot\share\prims\jni.cpp, line 520]
Event: 0.717 Thread 0x00000294055edc80 Implicit null exception at 0x00000294103e3a9a to 0x00000294103e3ca4
Event: 0.718 Thread 0x00000294055edc80 Exception <a 'java/lang/NoSuchMethodError'{0x00000000d5977180}: 'void java.lang.invoke.DirectMethodHandle$Holder.invokeStatic(java.lang.Object, java.lang.Object, java.lang.Object, java.lang.Object)'> (0x00000000d5977180) 
thrown [s\src\hotspot\share\interpreter\linkResolver.cpp, line 773]
Event: 0.719 Thread 0x00000294055edc80 Implicit null exception at 0x00000294103d883c to 0x00000294103d8ac8
Event: 0.719 Thread 0x00000294055edc80 Implicit null exception at 0x00000294103dc33d to 0x00000294103dc3c1
Event: 0.776 Thread 0x00000294055edc80 Exception <a 'java/lang/NoSuchMethodError'{0x00000000d5c50c78}: 'void java.lang.invoke.DirectMethodHandle$Holder.invokeSpecial(java.lang.Object, java.lang.Object, java.lang.Object)'> (0x00000000d5c50c78) 
thrown [s\src\hotspot\share\interpreter\linkResolver.cpp, line 773]
Event: 0.987 Thread 0x00000294055edc80 Exception <a 'java/lang/NoSuchMethodError'{0x00000000d66590e0}: 'int java.lang.invoke.DirectMethodHandle$Holder.invokeVirtual(java.lang.Object, java.lang.Object)'> (0x00000000d66590e0) 
thrown [s\src\hotspot\share\interpreter\linkResolver.cpp, line 773]
Event: 1.032 Thread 0x00000294055edc80 Exception <a 'java/lang/NoSuchMethodError'{0x00000000d67e1a68}: 'int java.lang.invoke.DirectMethodHandle$Holder.invokeStaticInit(java.lang.Object, java.lang.Object, java.lang.Object, java.lang.Object)'> (0x00000000d67e1a68) 
thrown [s\src\hotspot\share\interpreter\linkResolver.cpp, line 773]
Event: 1.032 Thread 0x00000294055edc80 Exception <a 'java/lang/IncompatibleClassChangeError'{0x00000000d67e9ef0}: Found class java.lang.Object, but interface was expected> (0x00000000d67e9ef0) 
thrown [s\src\hotspot\share\interpreter\linkResolver.cpp, line 840]
Event: 1.033 Thread 0x00000294055edc80 Exception <a 'java/lang/NoSuchMethodError'{0x00000000d67f0e00}: 'void java.lang.invoke.DirectMethodHandle$Holder.invokeStaticInit(java.lang.Object, java.lang.Object)'> (0x00000000d67f0e00) 
thrown [s\src\hotspot\share\interpreter\linkResolver.cpp, line 773]
Event: 1.033 Thread 0x00000294055edc80 Exception <a 'java/lang/NoSuchMethodError'{0x00000000d67fbc18}: 'int java.lang.invoke.DirectMethodHandle$Holder.invokeStaticInit(java.lang.Object, java.lang.Object)'> (0x00000000d67fbc18) 
thrown [s\src\hotspot\share\interpreter\linkResolver.cpp, line 773]
Event: 1.089 Thread 0x00000294055edc80 Exception <a 'java/lang/NoSuchMethodError'{0x00000000d6a775c0}: 'java.lang.Object java.lang.invoke.DirectMethodHandle$Holder.newInvokeSpecial(java.lang.Object, int, java.lang.Object)'> (0x00000000d6a775c0) 
thrown [s\src\hotspot\share\interpreter\linkResolver.cpp, line 773]
Event: 1.136 Thread 0x00000294055edc80 Exception <a 'java/lang/ClassNotFoundException'{0x00000000d6cb03a8}: sun/net/www/protocol/plurl/Handler> (0x00000000d6cb03a8) 
thrown [s\src\hotspot\share\classfile\systemDictionary.cpp, line 312]
Event: 1.136 Thread 0x00000294055edc80 Exception <a 'java/lang/ClassNotFoundException'{0x00000000d6cb1228}: sun/net/www/protocol/plurl/Handler> (0x00000000d6cb1228) 
thrown [s\src\hotspot\share\classfile\systemDictionary.cpp, line 312]
Event: 1.276 Thread 0x00000294055edc80 Exception <a 'java/lang/UnsatisfiedLinkError'{0x00000000d58d1aa8}: 'void org.eclipse.equinox.launcher.JNIBridge._update_splash()'> (0x00000000d58d1aa8) 
thrown [s\src\hotspot\share\prims\nativeLookup.cpp, line 415]
Event: 1.308 Thread 0x000002945e5bb1c0 Exception <a 'java/lang/NoSuchMethodError'{0x00000000d5b66520}: 'void java.lang.invoke.DirectMethodHandle$Holder.invokeInterface(java.lang.Object, java.lang.Object, java.lang.Object)'> (0x00000000d5b66520) 
thrown [s\src\hotspot\share\interpreter\linkResolver.cpp, line 773]
Event: 1.370 Thread 0x00000294647d18f0 Exception <a 'java/lang/NoSuchMethodError'{0x00000000d5f23040}: 'java.lang.Object java.lang.invoke.DirectMethodHandle$Holder.newInvokeSpecial(java.lang.Object, java.lang.Object, int, java.lang.Object)'> (0x00000000d5f23040) 
thrown [s\src\hotspot\share\interpreter\linkResolver.cpp, line 773]
Event: 1.370 Thread 0x00000294647d18f0 Exception <a 'java/lang/NoSuchMethodError'{0x00000000d5f26eb0}: 'java.lang.Object java.lang.invoke.DirectMethodHandle$Holder.invokeSpecial(java.lang.Object, java.lang.Object, java.lang.Object, int, java.lang.Object)'> (0x00000000d5f26eb0) 
thrown [s\src\hotspot\share\interpreter\linkResolver.cpp, line 773]
Event: 1.383 Thread 0x00000294647d18f0 Exception <a 'java/lang/NoClassDefFoundError'{0x00000000d5fc7db8}: jakarta/servlet/ServletContainerInitializer> (0x00000000d5fc7db8) 
thrown [s\src\hotspot\share\classfile\systemDictionary.cpp, line 301]

ZGC Phase Switch (0 events):
No events

VM Operations (20 events):
Event: 0.653 Executing VM operation: ParallelGCFailedAllocation (Allocation Failure)
Event: 0.658 Executing VM operation: ParallelGCFailedAllocation (Allocation Failure) done
Event: 0.672 Executing VM operation: HandshakeAllThreads (Deoptimize)
Event: 0.672 Executing VM operation: HandshakeAllThreads (Deoptimize) done
Event: 0.708 Executing VM operation: HandshakeAllThreads (Deoptimize)
Event: 0.708 Executing VM operation: HandshakeAllThreads (Deoptimize) done
Event: 1.059 Executing VM operation: HandshakeAllThreads (Deoptimize)
Event: 1.059 Executing VM operation: HandshakeAllThreads (Deoptimize) done
Event: 1.076 Executing VM operation: HandshakeAllThreads (Deoptimize)
Event: 1.076 Executing VM operation: HandshakeAllThreads (Deoptimize) done
Event: 1.121 Executing VM operation: HandshakeAllThreads (Deoptimize)
Event: 1.121 Executing VM operation: HandshakeAllThreads (Deoptimize) done
Event: 1.133 Executing VM operation: HandshakeAllThreads (Deoptimize)
Event: 1.133 Executing VM operation: HandshakeAllThreads (Deoptimize) done
Event: 1.149 Executing VM operation: ICBufferFull
Event: 1.150 Executing VM operation: ICBufferFull done
Event: 1.171 Executing VM operation: ParallelGCFailedAllocation (Allocation Failure)
Event: 1.178 Executing VM operation: ParallelGCFailedAllocation (Allocation Failure) done
Event: 1.396 Executing VM operation: HandshakeAllThreads (Deoptimize)
Event: 1.396 Executing VM operation: HandshakeAllThreads (Deoptimize) done

Memory protections (0 events):
No events

Nmethod flushes (0 events):
No events

Events (20 events):
Event: 0.042 Thread 0x00000294055edc80 Thread added: 0x000002945e5b3f80
Event: 0.042 Thread 0x00000294055edc80 Thread added: 0x000002945e5b6bc0
Event: 0.042 Thread 0x00000294055edc80 Thread added: 0x000002945e5bbee0
Event: 0.042 Thread 0x00000294055edc80 Thread added: 0x000002945e5bd920
Event: 0.042 Thread 0x00000294055edc80 Thread added: 0x000002945e5bcc00
Event: 0.043 Thread 0x00000294055edc80 Thread added: 0x000002945e5bc570
Event: 0.043 Thread 0x00000294055edc80 Thread added: 0x000002945e5d89e0
Event: 0.043 Thread 0x00000294055edc80 Thread added: 0x000002945e5da8a0
Event: 0.066 Thread 0x00000294055edc80 Thread added: 0x000002945e5bd290
Event: 0.077 Thread 0x000002945e5da8a0 Thread added: 0x000002945e6d9db0
Event: 0.078 Thread 0x000002945e6d9db0 Thread added: 0x000002945e6dce40
Event: 0.086 Thread 0x000002945e5da8a0 Thread added: 0x000002945e707bc0
Event: 0.139 Thread 0x000002945e5da8a0 Thread added: 0x000002945e8a42e0
Event: 0.295 Thread 0x00000294055edc80 Thread added: 0x000002945e5bdfb0
Event: 0.407 Thread 0x000002945e5da8a0 Thread added: 0x000002946416ca70
Event: 0.453 Thread 0x000002945e6d9db0 Thread added: 0x0000029464314310
Event: 1.043 Thread 0x00000294055edc80 Thread added: 0x000002945e5bab30
Event: 1.275 Thread 0x00000294055edc80 Thread added: 0x000002945e5bb1c0
Event: 1.311 Thread 0x000002945e5bb1c0 Thread added: 0x00000294647d1f80
Event: 1.313 Thread 0x00000294055edc80 Thread added: 0x00000294647d18f0


Dynamic libraries:
0x00007ff6f70a0000 - 0x00007ff6f70ae000 	c:\Users\ADMIN\.vscode\extensions\redhat.java-1.45.0-win32-x64\jre\21.0.8-win32-x86_64\bin\java.exe
0x00007ffd3e0c0000 - 0x00007ffd3e328000 	C:\WINDOWS\SYSTEM32\ntdll.dll
0x00007ffd3da00000 - 0x00007ffd3dac9000 	C:\WINDOWS\System32\KERNEL32.DLL
0x00007ffd3b630000 - 0x00007ffd3ba28000 	C:\WINDOWS\System32\KERNELBASE.dll
0x00007ffd3b4e0000 - 0x00007ffd3b62b000 	C:\WINDOWS\System32\ucrtbase.dll
0x00007ffd11b80000 - 0x00007ffd11b98000 	c:\Users\ADMIN\.vscode\extensions\redhat.java-1.45.0-win32-x64\jre\21.0.8-win32-x86_64\bin\jli.dll
0x00007ffd117e0000 - 0x00007ffd117fe000 	c:\Users\ADMIN\.vscode\extensions\redhat.java-1.45.0-win32-x64\jre\21.0.8-win32-x86_64\bin\VCRUNTIME140.dll
0x00007ffd3c1b0000 - 0x00007ffd3c377000 	C:\WINDOWS\System32\USER32.dll
0x00007ffd221a0000 - 0x00007ffd22434000 	C:\WINDOWS\WinSxS\amd64_microsoft.windows.common-controls_6595b64144ccf1df_6.0.26100.7019_none_3e06ffa0e335b8a8\COMCTL32.dll
0x00007ffd3be30000 - 0x00007ffd3be57000 	C:\WINDOWS\System32\win32u.dll
0x00007ffd3d950000 - 0x00007ffd3d9f9000 	C:\WINDOWS\System32\msvcrt.dll
0x00007ffd3dc90000 - 0x00007ffd3dcbb000 	C:\WINDOWS\System32\GDI32.dll
0x00007ffd3ba30000 - 0x00007ffd3bb5c000 	C:\WINDOWS\System32\gdi32full.dll
0x00007ffd3bb60000 - 0x00007ffd3bc03000 	C:\WINDOWS\System32\msvcp_win.dll
0x00007ffd3e030000 - 0x00007ffd3e061000 	C:\WINDOWS\System32\IMM32.DLL
0x00007ffd35d90000 - 0x00007ffd35d9c000 	c:\Users\ADMIN\.vscode\extensions\redhat.java-1.45.0-win32-x64\jre\21.0.8-win32-x86_64\bin\vcruntime140_1.dll
0x00007ffd0c290000 - 0x00007ffd0c31d000 	c:\Users\ADMIN\.vscode\extensions\redhat.java-1.45.0-win32-x64\jre\21.0.8-win32-x86_64\bin\msvcp140.dll
0x00007ffcb6540000 - 0x00007ffcb72d7000 	c:\Users\ADMIN\.vscode\extensions\redhat.java-1.45.0-win32-x64\jre\21.0.8-win32-x86_64\bin\server\jvm.dll
0x00007ffd3dbc0000 - 0x00007ffd3dc74000 	C:\WINDOWS\System32\ADVAPI32.dll
0x00007ffd3d300000 - 0x00007ffd3d3a6000 	C:\WINDOWS\System32\sechost.dll
0x00007ffd3d740000 - 0x00007ffd3d858000 	C:\WINDOWS\System32\RPCRT4.dll
0x00007ffd3dad0000 - 0x00007ffd3db44000 	C:\WINDOWS\System32\WS2_32.dll
0x00007ffd3b090000 - 0x00007ffd3b0ee000 	C:\WINDOWS\SYSTEM32\POWRPROF.dll
0x00007ffd33ba0000 - 0x00007ffd33bab000 	C:\WINDOWS\SYSTEM32\VERSION.dll
0x00007ffd2d590000 - 0x00007ffd2d5c5000 	C:\WINDOWS\SYSTEM32\WINMM.dll
0x00007ffd3b070000 - 0x00007ffd3b084000 	C:\WINDOWS\SYSTEM32\UMPDC.dll
0x00007ffd39fd0000 - 0x00007ffd39feb000 	C:\WINDOWS\SYSTEM32\kernel.appcore.dll
0x00007ffd2c810000 - 0x00007ffd2c81a000 	c:\Users\ADMIN\.vscode\extensions\redhat.java-1.45.0-win32-x64\jre\21.0.8-win32-x86_64\bin\jimage.dll
0x00007ffd38aa0000 - 0x00007ffd38ce2000 	C:\WINDOWS\SYSTEM32\DBGHELP.DLL
0x00007ffd3d3b0000 - 0x00007ffd3d73b000 	C:\WINDOWS\System32\combase.dll
0x00007ffd3d220000 - 0x00007ffd3d2f7000 	C:\WINDOWS\System32\OLEAUT32.dll
0x00007ffd205f0000 - 0x00007ffd2062c000 	C:\WINDOWS\SYSTEM32\dbgcore.DLL
0x00007ffd3bd80000 - 0x00007ffd3be25000 	C:\WINDOWS\System32\bcryptPrimitives.dll
0x00007ffd2c740000 - 0x00007ffd2c74f000 	c:\Users\ADMIN\.vscode\extensions\redhat.java-1.45.0-win32-x64\jre\21.0.8-win32-x86_64\bin\instrument.dll
0x00007ffd0fa00000 - 0x00007ffd0fa1f000 	c:\Users\ADMIN\.vscode\extensions\redhat.java-1.45.0-win32-x64\jre\21.0.8-win32-x86_64\bin\java.dll
0x00007ffd3cac0000 - 0x00007ffd3d20f000 	C:\WINDOWS\System32\SHELL32.dll
0x00007ffd3bc10000 - 0x00007ffd3bd7b000 	C:\WINDOWS\System32\wintypes.dll
0x00007ffd38e00000 - 0x00007ffd3965d000 	C:\WINDOWS\SYSTEM32\windows.storage.dll
0x00007ffd3df30000 - 0x00007ffd3e022000 	C:\WINDOWS\System32\SHCORE.dll
0x00007ffd3db50000 - 0x00007ffd3dbb7000 	C:\WINDOWS\System32\shlwapi.dll
0x00007ffd3b130000 - 0x00007ffd3b159000 	C:\WINDOWS\SYSTEM32\profapi.dll
0x00007ffd0f9e0000 - 0x00007ffd0f9f8000 	c:\Users\ADMIN\.vscode\extensions\redhat.java-1.45.0-win32-x64\jre\21.0.8-win32-x86_64\bin\zip.dll
0x00007ffd26ba0000 - 0x00007ffd26bb0000 	C:\Users\ADMIN\.vscode\extensions\redhat.java-1.45.0-win32-x64\jre\21.0.8-win32-x86_64\bin\net.dll
0x00007ffd339c0000 - 0x00007ffd33ae8000 	C:\WINDOWS\SYSTEM32\WINHTTP.dll
0x00007ffd3a540000 - 0x00007ffd3a5ab000 	C:\WINDOWS\system32\mswsock.dll
0x00007ffd0f8b0000 - 0x00007ffd0f8c6000 	C:\Users\ADMIN\.vscode\extensions\redhat.java-1.45.0-win32-x64\jre\21.0.8-win32-x86_64\bin\nio.dll
0x00007ffd1ee60000 - 0x00007ffd1ee70000 	c:\Users\ADMIN\.vscode\extensions\redhat.java-1.45.0-win32-x64\jre\21.0.8-win32-x86_64\bin\verify.dll
0x00007ffcffdf0000 - 0x00007ffcffe34000 	C:\Users\ADMIN\AppData\Roaming\Code\User\globalStorage\redhat.java\1.45.0\config_win\org.eclipse.equinox.launcher\org.eclipse.equinox.launcher.win32.win32.x86_64_1.2.1400.v20250801-0854\eclipse_11916.dll
0x00007ffd3bf30000 - 0x00007ffd3c0c7000 	C:\WINDOWS\System32\ole32.dll

JVMTI agents:
c:\Users\ADMIN\.vscode\extensions\redhat.java-1.45.0-win32-x64\lombok\lombok-1.18.39-4050.jar path:c:\Users\ADMIN\.vscode\extensions\redhat.java-1.45.0-win32-x64\jre\21.0.8-win32-x86_64\bin\instrument.dll, loaded, initialized, instrumentlib options:none

dbghelp: loaded successfully - version: 4.0.5 - missing functions: none
symbol engine: initialized successfully - sym options: 0x614 - pdb path: .;c:\Users\ADMIN\.vscode\extensions\redhat.java-1.45.0-win32-x64\jre\21.0.8-win32-x86_64\bin;C:\WINDOWS\SYSTEM32;C:\WINDOWS\WinSxS\amd64_microsoft.windows.common-controls_6595b64144ccf1df_6.0.26100.7019_none_3e06ffa0e335b8a8;c:\Users\ADMIN\.vscode\extensions\redhat.java-1.45.0-win32-x64\jre\21.0.8-win32-x86_64\bin\server;C:\Users\ADMIN\AppData\Roaming\Code\User\globalStorage\redhat.java\1.45.0\config_win\org.eclipse.equinox.launcher\org.eclipse.equinox.launcher.win32.win32.x86_64_1.2.1400.v20250801-0854

VM Arguments:
jvm_args: --add-modules=ALL-SYSTEM --add-opens=java.base/java.util=ALL-UNNAMED --add-opens=java.base/java.lang=ALL-UNNAMED --add-opens=java.base/sun.nio.fs=ALL-UNNAMED -Declipse.application=org.eclipse.jdt.ls.core.id1 -Dosgi.bundles.defaultStartLevel=4 -Declipse.product=org.eclipse.jdt.ls.core.product -Djava.import.generatesMetadataFilesAtProjectRoot=false -DDetectVMInstallationsJob.disabled=true -Dfile.encoding=utf8 -XX:+UseParallelGC -XX:GCTimeRatio=4 -XX:AdaptiveSizePolicyWeight=90 -Dsun.zip.disableMemoryMapping=true -Xmx2G -Xms100m -Xlog:disable -javaagent:c:\Users\ADMIN\.vscode\extensions\redhat.java-1.45.0-win32-x64\lombok\lombok-1.18.39-4050.jar -XX:+HeapDumpOnOutOfMemoryError -XX:HeapDumpPath=c:\Users\ADMIN\AppData\Roaming\Code\User\workspaceStorage\ce6208843d6f8827e5948435d2aa90a0\redhat.java -Daether.dependencyCollector.impl=bf 
java_command: c:\Users\ADMIN\.vscode\extensions\redhat.java-1.45.0-win32-x64\server\plugins\org.eclipse.equinox.launcher_1.7.0.v20250519-0528.jar -configuration c:\Users\ADMIN\AppData\Roaming\Code\User\globalStorage\redhat.java\1.45.0\config_win -data c:\Users\ADMIN\AppData\Roaming\Code\User\workspaceStorage\ce6208843d6f8827e5948435d2aa90a0\redhat.java\jdt_ws --pipe=\\.\pipe\lsp-0b9a0efa2fc4f2c3f14893456f57d814-sock
java_class_path (initial): c:\Users\ADMIN\.vscode\extensions\redhat.java-1.45.0-win32-x64\server\plugins\org.eclipse.equinox.launcher_1.7.0.v20250519-0528.jar
Launcher Type: SUN_STANDARD

[Global flags]
    uintx AdaptiveSizePolicyWeight                 = 90                                        {product} {command line}
     intx CICompilerCount                          = 12                                        {product} {ergonomic}
    uintx GCTimeRatio                              = 4                                         {product} {command line}
     bool HeapDumpOnOutOfMemoryError               = true                                   {manageable} {command line}
    ccstr HeapDumpPath                             = c:\Users\ADMIN\AppData\Roaming\Code\User\workspaceStorage\ce6208843d6f8827e5948435d2aa90a0\redhat.java         {manageable} {command line}
   size_t InitialHeapSize                          = 104857600                                 {product} {command line}
   size_t MaxHeapSize                              = 2147483648                                {product} {command line}
   size_t MaxNewSize                               = 715653120                                 {product} {ergonomic}
   size_t MinHeapDeltaBytes                        = 524288                                    {product} {ergonomic}
   size_t MinHeapSize                              = 104857600                                 {product} {command line}
   size_t NewSize                                  = 34603008                                  {product} {ergonomic}
    uintx NonNMethodCodeHeapSize                   = 7602480                                {pd product} {ergonomic}
    uintx NonProfiledCodeHeapSize                  = 122027880                              {pd product} {ergonomic}
   size_t OldSize                                  = 70254592                                  {product} {ergonomic}
    uintx ProfiledCodeHeapSize                     = 122027880                              {pd product} {ergonomic}
    uintx ReservedCodeCacheSize                    = 251658240                              {pd product} {ergonomic}
     bool SegmentedCodeCache                       = true                                      {product} {ergonomic}
   size_t SoftMaxHeapSize                          = 2147483648                             {manageable} {ergonomic}
     bool UseCompressedOops                        = true                           {product lp64_product} {ergonomic}
     bool UseLargePagesIndividualAllocation        = false                                  {pd product} {ergonomic}
     bool UseParallelGC                            = true                                      {product} {command line}

Logging:
Log output configuration:
 #0: stdout all=off uptime,level,tags foldmultilines=false
 #1: stderr all=off uptime,level,tags foldmultilines=false

Environment Variables:
PATH=C:\Program Files\Common Files\Oracle\Java\javapath;C:\WINDOWS\system32;C:\WINDOWS;C:\WINDOWS\System32\Wbem;C:\WINDOWS\System32\WindowsPowerShell\v1.0\;C:\WINDOWS\System32\OpenSSH\;C:\Program Files\Git\cmd;C:\Program Files (x86)\Microsoft SQL Server\160\Tools\Binn\;C:\Program Files\Microsoft SQL Server\160\Tools\Binn\;C:\Program Files\Microsoft SQL Server\Client SDK\ODBC\170\Tools\Binn\;C:\Program Files\Microsoft SQL Server\160\DTS\Binn\;C:\Program Files\Java\jdk-24\bin;;C:\Program Files\Docker\Docker\resources\bin;C:\Program Files\nodejs\;C:\Users\ADMIN\AppData\Local\Programs\Python\Python312\Scripts\;C:\Users\ADMIN\AppData\Local\Programs\Python\Python312\;C:\Users\ADMIN\AppData\Local\Microsoft\WindowsApps;C:\Users\ADMIN\AppData\Local\Programs\Microsoft VS Code\bin;C:\Users\ADMIN\AppData\Local\GitHubDesktop\bin;C:\Program Files\Java\jdk-24\bin;C:\Program Files\Java\jdk-24\bin;C:\Users\ADMIN\AppData\Roaming\npm
USERNAME=ADMIN
OS=Windows_NT
PROCESSOR_IDENTIFIER=Intel64 Family 6 Model 154 Stepping 3, GenuineIntel
TMP=C:\Users\ADMIN\AppData\Local\Temp
TEMP=C:\Users\ADMIN\AppData\Local\Temp




Periodic native trim disabled

---------------  S Y S T E M  ---------------

OS:
 Windows 11 , 64 bit Build 26100 (10.0.26100.7019)
OS uptime: 0 days 10:27 hours
Hyper-V role detected

CPU: total 16 (initial active 16) (8 cores per cpu, 2 threads per core) family 6 model 154 stepping 3 microcode 0x424, cx8, cmov, fxsr, ht, mmx, 3dnowpref, sse, sse2, sse3, ssse3, sse4.1, sse4.2, popcnt, lzcnt, tsc, tscinvbit, avx, avx2, aes, erms, clmul, bmi1, bmi2, adx, sha, fma, vzeroupper, clflush, clflushopt, clwb, hv, serialize, rdtscp, rdpid, fsrm, f16c, cet_ibt, cet_ss
Processor Information for the first 16 processors :
  Max Mhz: 2500, Current Mhz: 2500, Mhz Limit: 2500

Memory: 4k page, system-wide physical 16077M (1664M free)
TotalPageFile size 25968M (AvailPageFile size 9M)
current process WorkingSet (physical memory assigned to process): 104M, peak: 104M
current process commit charge ("private bytes"): 264M, peak: 264M

vm_info: OpenJDK 64-Bit Server VM (21.0.8+9-LTS) for windows-amd64 JRE (21.0.8+9-LTS), built on 2025-07-15T00:00:00Z by "admin" with MS VC++ 17.7 (VS2022)

END.
